0 info it worked if it ends with ok
1 verbose cli [ 'node', '/usr/local/bin/npm', 'publish' ]
2 info using npm@1.4.23
3 info using node@v0.10.31
4 verbose publish [ '.' ]
5 verbose cache add [ '.', null ]
6 verbose cache add name=undefined spec="." args=[".",null]
7 verbose parsed url { protocol: null,
7 verbose parsed url   slashes: null,
7 verbose parsed url   auth: null,
7 verbose parsed url   host: null,
7 verbose parsed url   port: null,
7 verbose parsed url   hostname: null,
7 verbose parsed url   hash: null,
7 verbose parsed url   search: null,
7 verbose parsed url   query: null,
7 verbose parsed url   pathname: '.',
7 verbose parsed url   path: '.',
7 verbose parsed url   href: '.' }
8 silly lockFile 3a52ce78- .
9 verbose lock . /Users/seancannon/.npm/3a52ce78-.lock
10 verbose tar pack [ '/Users/seancannon/.npm/prettycats/0.0.1/package.tgz', '.' ]
11 verbose tarball /Users/seancannon/.npm/prettycats/0.0.1/package.tgz
12 verbose folder .
13 info prepublish prettycats@0.0.1
14 silly lockFile 1f1177db-tar tar://.
15 verbose lock tar://. /Users/seancannon/.npm/1f1177db-tar.lock
16 silly lockFile 5c65a2d3-npm-prettycats-0-0-1-package-tgz tar:///Users/seancannon/.npm/prettycats/0.0.1/package.tgz
17 verbose lock tar:///Users/seancannon/.npm/prettycats/0.0.1/package.tgz /Users/seancannon/.npm/5c65a2d3-npm-prettycats-0-0-1-package-tgz.lock
18 silly lockFile 1f1177db-tar tar://.
19 silly lockFile 1f1177db-tar tar://.
20 silly lockFile 5c65a2d3-npm-prettycats-0-0-1-package-tgz tar:///Users/seancannon/.npm/prettycats/0.0.1/package.tgz
21 silly lockFile 5c65a2d3-npm-prettycats-0-0-1-package-tgz tar:///Users/seancannon/.npm/prettycats/0.0.1/package.tgz
22 silly lockFile 354f7737-non-npm-prettycats-0-0-1-package /Users/seancannon/.npm/prettycats/0.0.1/package
23 verbose lock /Users/seancannon/.npm/prettycats/0.0.1/package /Users/seancannon/.npm/354f7737-non-npm-prettycats-0-0-1-package.lock
24 silly lockFile 354f7737-non-npm-prettycats-0-0-1-package /Users/seancannon/.npm/prettycats/0.0.1/package
25 silly lockFile 354f7737-non-npm-prettycats-0-0-1-package /Users/seancannon/.npm/prettycats/0.0.1/package
26 silly lockFile 3a52ce78- .
27 silly lockFile 3a52ce78- .
28 silly publish { name: 'prettycats',
28 silly publish   version: '0.0.1',
28 silly publish   description: 'Helpful, common, and curried predicates library.',
28 silly publish   main: 'lib/prettycats.js',
28 silly publish   dependencies: { ramda: '^0.15.0' },
28 silly publish   devDependencies: { coveralls: '^2.11.2', istanbul: '^0.3.13', jasmine: '^2.3.1' },
28 silly publish   scripts: { test: 'istanbul cover ./node_modules/.bin/jasmine' },
28 silly publish   repository:
28 silly publish    { type: 'git',
28 silly publish      url: 'https://github.com/seancannon/prettycats.git' },
28 silly publish   keywords: [ 'validator', 'validation', 'predicates', 'pretty', 'cats' ],
28 silly publish   author: { name: 'Sean Cannon' },
28 silly publish   license: 'MIT',
28 silly publish   bugs: { url: 'https://github.com/seancannon/prettycats/issues' },
28 silly publish   homepage: 'https://github.com/seancannon/prettycats',
28 silly publish   readme: '# prettycats\nCommon curried predicates for validating subjects.\n\n## Install\n\n```\n$ npm install prettycats --save\n```\n\nRun the specs\n\n```\n$ npm test\n```\n\n## Usage\n\n```js\n\nvar prr = require(\'prettycats\'),\n    R   = require(\'ramda\');\n\n// Sample validator\nvar Validator = require(\'o-validator\');\n\nValidator.validateOrThrow({\n  username : prr.str.isStringOfLengthAtMost(15),\n  email    : Validator.required(prr.str.isEmail),\n  age      : R.allPass([prr.num.isBetween(13, 100)])\n});\n\n```\n\n## Strings\n\n### isString\nString → Boolean\n```\nexpect(prr.str.isString(\'foo\')).toBe(true);\nexpect(prr.str.isString(123)).toBe(false);\n```\n\n---\n### isStringOfLength\nNumber → String → Boolean\n```\nexpect(prr.str.isStringOfLength(5, \'foo\')).toBe(false);\nexpect(prr.str.isStringOfLength(3, \'foo\')).toBe(true);\nexpect(prr.str.isStringOfLength(3, 123)).toBe(false);\n```\n\n---\n### isStringOfLengthAtLeast\nNumber → String → Boolean\n```\nexpect(prr.str.isStringOfLengthAtLeast(5, \'foo\')).toBe(false);\nexpect(prr.str.isStringOfLengthAtLeast(3, \'foo\')).toBe(true);\nexpect(prr.str.isStringOfLengthAtLeast(3, \'fooo\')).toBe(true);\nexpect(prr.str.isStringOfLengthAtLeast(3, 123)).toBe(false);\n```\n\n---\n### isStringOfLengthAtMost\nNumber → String → Boolean\n```\nexpect(prr.str.isStringOfLengthAtMost(5, \'fooooo\')).toBe(false);\nexpect(prr.str.isStringOfLengthAtMost(3, \'foo\')).toBe(true);\nexpect(prr.str.isStringOfLengthAtMost(5, \'fooo\')).toBe(true);\nexpect(prr.str.isStringOfLengthAtMost(3, 123)).toBe(false);\n```\n\n---\n### isStringLongerThan\nNumber → String → Boolean\n```\nexpect(prr.str.isStringLongerThan(5, \'foo\')).toBe(false);\nexpect(prr.str.isStringLongerThan(3, \'foo\')).toBe(false);\nexpect(prr.str.isStringLongerThan(3, \'fooo\')).toBe(true);\nexpect(prr.str.isStringLongerThan(3, 123)).toBe(false);\n```\n\n---\n### isStringShorterThan\nNumber → String → Boolean\n```\nexpect(prr.str.isStringShorterThan(3, \'fooo\')).toBe(false);\nexpect(prr.str.isStringShorterThan(3, \'foo\')).toBe(false);\nexpect(prr.str.isStringShorterThan(5, \'fooo\')).toBe(true);\nexpect(prr.str.isStringShorterThan(3, 123)).toBe(false);\n```\n\n---\n### isStringContaining\nString → String → Boolean\n```\nexpect(prr.str.isStringContaining(\'bar\', \'foobarfoo\')).toBe(true);\nexpect(prr.str.isStringContaining(\'bar\', \'foobazfoo\')).toBe(false);\n```\n\n---\n### isStringMatching\nRegExp → String → Boolean\n```\nexpect(prr.str.isStringMatching(/bar/, \'foobarfoo\')).toBe(true);\nexpect(prr.str.isStringMatching(/bar/, \'foobazfoo\')).toBe(false);\n```\n\n---\n### isEmail\nString → Boolean\n```\nexpect(prr.str.isEmail(\'foo@bar.com\')).toBe(true);\nexpect(prr.str.isEmail(\'123@localhost:1337\')).toBe(true);\nexpect(prr.str.isEmail(\'foobar.com\')).toBe(false);\n```\n\n## Numbers\n\n### isNumber\nNumber → Boolean\n```\nexpect(prr.num.isNumber(123)).toBe(true);\nexpect(prr.num.isNumber(\'123\')).toBe(false);\n```\n\n---\n### isPositiveNumber\nNumber → Boolean\n```\nexpect(prr.num.isPositiveNumber(123)).toBe(true);\nexpect(prr.num.isPositiveNumber(-123)).toBe(false);\nexpect(prr.num.isPositiveNumber(0)).toBe(false);\nexpect(prr.num.isPositiveNumber(\'123\')).toBe(false);\n```\n\n---\n### isNegativeNumber\nNumber → Boolean\n```\nexpect(prr.num.isNegativeNumber(123)).toBe(false);\nexpect(prr.num.isNegativeNumber(-123)).toBe(true);\nexpect(prr.num.isNegativeNumber(0)).toBe(false);\nexpect(prr.num.isNegativeNumber(\'123\')).toBe(false);\n```\n\n---\n### isAtLeastZero\nNumber → Boolean\n```\nexpect(prr.num.isAtLeastZero(123)).toBe(true);\nexpect(prr.num.isAtLeastZero(-123)).toBe(false);\nexpect(prr.num.isAtLeastZero(0)).toBe(true);\nexpect(prr.num.isAtLeastZero(\'123\')).toBe(false);\n```\n\n---\n### isAtMostZero\nNumber → Boolean\n```\nexpect(prr.num.isAtMostZero(123)).toBe(false);\nexpect(prr.num.isAtMostZero(-123)).toBe(true);\nexpect(prr.num.isAtMostZero(0)).toBe(true);\nexpect(prr.num.isAtMostZero(\'123\')).toBe(false);\n```\n\n---\n### isCalendarMonth\nNumber → Boolean\n```\nexpect(prr.num.isCalendarMonth(1)).toBe(true);\nexpect(prr.num.isCalendarMonth(12)).toBe(true);\nexpect(prr.num.isCalendarMonth(0)).toBe(false);\nexpect(prr.num.isCalendarMonth(13)).toBe(false);\nexpect(prr.num.isCalendarMonth(\'6\')).toBe(false);\n```\n\n---\n### isCalendarMonthZeroBased\nNumber → Boolean\n```\nexpect(prr.num.isCalendarMonthZeroBased(0)).toBe(true);\nexpect(prr.num.isCalendarMonthZeroBased(11)).toBe(true);\nexpect(prr.num.isCalendarMonthZeroBased(-1)).toBe(false);\nexpect(prr.num.isCalendarMonthZeroBased(12)).toBe(false);\nexpect(prr.num.isCalendarMonthZeroBased(\'123\')).toBe(false);\n```\n\n---\n### isBetween\nNumber → Number → Number → Boolean\n```\nexpect(prr.num.isBetween(5, 10, 7)).toBe(true);\nexpect(prr.num.isBetween(5, 10, 3)).toBe(false);\nexpect(prr.num.isBetween(5, 10, 12)).toBe(false);\nexpect(prr.num.isBetween(5, 10, \'7\')).toBe(false);\n```\n\n---\n### isBetweenInclusive\nNumber → Number → Number → Boolean\n```\nexpect(prr.num.isBetweenInclusive(5, 10, 7)).toBe(true);\nexpect(prr.num.isBetweenInclusive(5, 10, 3)).toBe(false);\nexpect(prr.num.isBetweenInclusive(5, 10, 12)).toBe(false);\nexpect(prr.num.isBetweenInclusive(5, 10, 5)).toBe(true);\nexpect(prr.num.isBetweenInclusive(5, 10, 10)).toBe(true);\nexpect(prr.num.isBetweenInclusive(5, 10, \'7\')).toBe(false);\n```\n\n---\n### isEven\nNumber → Boolean\n```\nexpect(prr.num.isEven(8)).toBe(true);\nexpect(prr.num.isEven(-8)).toBe(true);\nexpect(prr.num.isEven(5)).toBe(false);\n```\n\n---\n### isOdd\nNumber → Boolean\n```\nexpect(prr.num.isOdd(7)).toBe(true);\nexpect(prr.num.isOdd(-7)).toBe(true);\nexpect(prr.num.isOdd(8)).toBe(false);\n```\n\n## Arrays\n\n### isArray\nArray → Boolean\n```\nexpect(prr.arr.isArray([\'foo\'])).toBe(true);\nexpect(prr.arr.isArray(123)).toBe(false);\n```\n\n---\n### isEmptyArray\nArray → Boolean\n```\nexpect(prr.arr.isEmptyArray([])).toBe(true);\nexpect(prr.arr.isEmptyArray([\'foo\'])).toBe(false);\nexpect(prr.arr.isEmptyArray(\'foo\')).toBe(false);\n```\n\n---\n### isArrayOfLength\nNumber → Array → Boolean\n```\nexpect(prr.arr.isArrayOfLength(5, [1,2,3])).toBe(false);\nexpect(prr.arr.isArrayOfLength(3, [1,2,3])).toBe(true);\nexpect(prr.arr.isArrayOfLength(3, 123)).toBe(false);\n```\n\n---\n### isArrayOfLengthAtLeast\nNumber → Array → Boolean\n```\nexpect(prr.arr.isArrayOfLengthAtLeast(5, [1,2,3])).toBe(false);\nexpect(prr.arr.isArrayOfLengthAtLeast(3, [1,2,3])).toBe(true);\nexpect(prr.arr.isArrayOfLengthAtLeast(3, [1,2,3,4])).toBe(true);\nexpect(prr.arr.isArrayOfLengthAtLeast(3, 123)).toBe(false);\n```\n\n---\n### isArrayOfLengthAtMost\nNumber → Array → Boolean\n```\nexpect(prr.arr.isArrayOfLengthAtMost(3, [1,2,3,4])).toBe(false);\nexpect(prr.arr.isArrayOfLengthAtMost(3, [1,2,3])).toBe(true);\nexpect(prr.arr.isArrayOfLengthAtMost(5, [1,2,3,4])).toBe(true);\nexpect(prr.arr.isArrayOfLengthAtMost(3, 123)).toBe(false);\n```\n\n---\n### isArraylongerThan\nNumber → Array → Boolean\n```\nexpect(prr.arr.isArrayLongerThan(5, [1,2,3])).toBe(false);\nexpect(prr.arr.isArrayLongerThan(3, [1,2,3])).toBe(false);\nexpect(prr.arr.isArrayLongerThan(3, [1,2,3,4])).toBe(true);\nexpect(prr.arr.isArrayLongerThan(3, 123)).toBe(false);\n```\n\n---\n### isprr.arrhorterThan\nNumber → Array → Boolean\n```\nexpect(prr.arr.isprr.arrhorterThan(3, [1,2,3,4])).toBe(false);\nexpect(prr.arr.isprr.arrhorterThan(3, [1,2,3])).toBe(false);\nexpect(prr.arr.isprr.arrhorterThan(5, [1,2,3,4])).toBe(true);\nexpect(prr.arr.isprr.arrhorterThan(3, 123)).toBe(false);\n```\n\n---\n### isArrayContaining\nString → Array → Boolean\n```\nexpect(prr.arr.isArrayContaining(\'bar\', [\'foo\',\'bar\',\'baz\'])).toBe(true);\nexpect(prr.arr.isArrayContaining(\'bar\', [\'foo\',\'baz\',\'buz\'])).toBe(false);\n```\n\n## TODO\n* Add object pretty cats\n* Add more cats\n',
28 silly publish   readmeFilename: 'README.md',
28 silly publish   gitHead: 'ad66947f1a5cbd438a8ed5680862fe2e963ec2e9',
28 silly publish   _id: 'prettycats@0.0.1',
28 silly publish   _shasum: '1c0af9bd80a91eb1a9549bd8b024d118a5f19aa7',
28 silly publish   _from: '.' }
29 verbose request where is /prettycats
30 verbose request registry https://registry.npmjs.org/
31 verbose request id a4e1fc762df8f8c1
32 verbose url raw /prettycats
33 verbose url resolving [ 'https://registry.npmjs.org/', './prettycats' ]
34 verbose url resolved https://registry.npmjs.org/prettycats
35 verbose request where is https://registry.npmjs.org/prettycats
36 info trying registry request attempt 1 at 21:55:34
37 http PUT https://registry.npmjs.org/prettycats
38 http 403 https://registry.npmjs.org/prettycats
39 verbose headers { 'content-type': 'application/json',
39 verbose headers   'cache-control': 'max-age=60',
39 verbose headers   'content-length': '95',
39 verbose headers   'accept-ranges': 'bytes',
39 verbose headers   date: 'Wed, 08 Jul 2015 04:55:35 GMT',
39 verbose headers   via: '1.1 varnish',
39 verbose headers   connection: 'keep-alive',
39 verbose headers   'x-served-by': 'cache-sjc3122-SJC',
39 verbose headers   'x-cache': 'MISS',
39 verbose headers   'x-cache-hits': '0',
39 verbose headers   'x-timer': 'S1436331334.882882,VS0,VE166' }
40 error publish Failed PUT 403
41 error Error: "You cannot publish over the previously published version 0.0.1." : prettycats
41 error     at RegClient.<anonymous> (/usr/local/lib/node_modules/npm/node_modules/npm-registry-client/lib/request.js:300:14)
41 error     at Request._callback (/usr/local/lib/node_modules/npm/node_modules/npm-registry-client/lib/request.js:238:65)
41 error     at Request.self.callback (/usr/local/lib/node_modules/npm/node_modules/request/request.js:123:22)
41 error     at Request.emit (events.js:98:17)
41 error     at Request.<anonymous> (/usr/local/lib/node_modules/npm/node_modules/request/request.js:893:14)
41 error     at Request.emit (events.js:117:20)
41 error     at IncomingMessage.<anonymous> (/usr/local/lib/node_modules/npm/node_modules/request/request.js:844:12)
41 error     at IncomingMessage.emit (events.js:117:20)
41 error     at _stream_readable.js:943:16
41 error     at process._tickCallback (node.js:419:13)
42 error If you need help, you may report this *entire* log,
42 error including the npm and node versions, at:
42 error     <http://github.com/npm/npm/issues>
43 error System Darwin 14.3.0
44 error command "node" "/usr/local/bin/npm" "publish"
45 error cwd /Users/seancannon/Projects/prettycats
46 error node -v v0.10.31
47 error npm -v 1.4.23
48 verbose exit [ 1, true ]
